<?xml version="1.0" encoding="UTF-8" ?>
<testsuite tests="16" failures="0" name="TestSuite" time="30.868" errors="0" skipped="0">
  <properties>
    <property name="java.runtime.name" value="OpenJDK Runtime Environment"/>
    <property name="java.vm.version" value="11.0.2+9"/>
    <property name="sun.boot.library.path" value="/Library/Java/JavaVirtualMachines/openjdk-11.0.2.jdk/Contents/Home/lib"/>
    <property name="gopherProxySet" value="false"/>
    <property name="maven.multiModuleProjectDirectory" value="/Users/nso4579/Documents/openweathermap"/>
    <property name="java.vm.vendor" value="Oracle Corporation"/>
    <property name="java.vendor.url" value="http://java.oracle.com/"/>
    <property name="guice.disable.misplaced.annotation.check" value="true"/>
    <property name="path.separator" value=":"/>
    <property name="java.vm.name" value="OpenJDK 64-Bit Server VM"/>
    <property name="sun.os.patch.level" value="unknown"/>
    <property name="user.country" value="IN"/>
    <property name="sun.java.launcher" value="SUN_STANDARD"/>
    <property name="java.vm.specification.name" value="Java Virtual Machine Specification"/>
    <property name="user.dir" value="/Users/nso4579/Documents/openweathermap"/>
    <property name="java.vm.compressedOopsMode" value="Zero based"/>
    <property name="java.runtime.version" value="11.0.2+9"/>
    <property name="java.awt.graphicsenv" value="sun.awt.CGraphicsEnvironment"/>
    <property name="os.arch" value="x86_64"/>
    <property name="java.io.tmpdir" value="/var/folders/nv/95fh8nv97rl1sgj8g8l5gy98qd4nt1/T/"/>
    <property name="line.separator" value="
"/>
    <property name="java.vm.specification.vendor" value="Oracle Corporation"/>
    <property name="os.name" value="Mac OS X"/>
    <property name="classworlds.conf" value="/Users/nso4579/.mvnvm/apache-maven-3.5.2/bin/m2.conf"/>
    <property name="sun.jnu.encoding" value="UTF-8"/>
    <property name="java.library.path" value="/Users/nso4579/Library/Java/Extensions:/Library/Java/Extensions:/Network/Library/Java/Extensions:/System/Library/Java/Extensions:/usr/lib/java:."/>
    <property name="maven.conf" value="/Users/nso4579/.mvnvm/apache-maven-3.5.2/conf"/>
    <property name="jdk.debug" value="release"/>
    <property name="java.class.version" value="55.0"/>
    <property name="java.specification.name" value="Java Platform API Specification"/>
    <property name="sun.management.compiler" value="HotSpot 64-Bit Tiered Compilers"/>
    <property name="os.version" value="10.12.6"/>
    <property name="library.jansi.path" value="/Users/nso4579/.mvnvm/apache-maven-3.5.2/lib/jansi-native"/>
    <property name="user.home" value="/Users/nso4579"/>
    <property name="user.timezone" value="Asia/Kolkata"/>
    <property name="java.awt.printerjob" value="sun.lwawt.macosx.CPrinterJob"/>
    <property name="file.encoding" value="UTF-8"/>
    <property name="java.specification.version" value="11"/>
    <property name="user.name" value="nso4579"/>
    <property name="java.class.path" value="/Users/nso4579/.mvnvm/apache-maven-3.5.2/boot/plexus-classworlds-2.5.2.jar"/>
    <property name="java.vm.specification.version" value="11"/>
    <property name="sun.arch.data.model" value="64"/>
    <property name="sun.java.command" value="org.codehaus.plexus.classworlds.launcher.Launcher clean test"/>
    <property name="java.home" value="/Library/Java/JavaVirtualMachines/openjdk-11.0.2.jdk/Contents/Home"/>
    <property name="user.language" value="en"/>
    <property name="java.specification.vendor" value="Oracle Corporation"/>
    <property name="awt.toolkit" value="sun.lwawt.macosx.LWCToolkit"/>
    <property name="java.vm.info" value="mixed mode"/>
    <property name="java.version" value="11.0.2"/>
    <property name="java.vendor" value="Oracle Corporation"/>
    <property name="maven.home" value="/Users/nso4579/.mvnvm/apache-maven-3.5.2"/>
    <property name="file.separator" value="/"/>
    <property name="java.version.date" value="2019-01-15"/>
    <property name="java.vendor.url.bug" value="http://bugreport.java.com/bugreport/"/>
    <property name="sun.io.unicode.encoding" value="UnicodeBig"/>
    <property name="sun.cpu.endian" value="little"/>
    <property name="java.vendor.version" value="18.9"/>
    <property name="sun.cpu.isalist" value=""/>
  </properties>
  <testcase classname="com.openweathermap.testcases.HomePageTest" name="Mapsclick" time="2.186"/>
  <testcase classname="com.openweathermap.testcases.HomePageTest" name="api" time="3.613"/>
  <testcase classname="com.openweathermap.testcases.HomePageTest" name="blog" time="0.354"/>
  <testcase classname="com.openweathermap.testcases.HomePageTest" name="guide" time="2.692"/>
  <testcase classname="com.openweathermap.testcases.HomePageTest" name="homepageTitleTest" time="0.016"/>
  <testcase classname="com.openweathermap.testcases.HomePageTest" name="homepagelogoTest" time="0.032"/>
  <testcase classname="com.openweathermap.testcases.HomePageTest" name="partners" time="4.189"/>
  <testcase classname="com.openweathermap.testcases.HomePageTest" name="price" time="2.52"/>
  <testcase classname="com.openweathermap.testcases.HomePageTest" name="searchclick" time="0.22"/>
  <testcase classname="com.openweathermap.testcases.HomePageTest" name="signinclicklink" time="1.696"/>
  <testcase classname="com.openweathermap.testcases.HomePageTest" name="signupclicklink" time="2.224"/>
  <testcase classname="com.openweathermap.testcases.HomePageTest" name="stations" time="0.863"/>
  <testcase classname="com.openweathermap.testcases.HomePageTest" name="weatherClick" time="1.039"/>
  <testcase classname="com.openweathermap.testcases.HomePageTest" name="widget" time="4.073"/>
  <testcase classname="com.openweathermap.testcases.SearchTest" name="entercityname" time="2.182"/>
  <testcase classname="com.openweathermap.testcases.SearchTest" name="invalidcitysearch" time="2.969"/>
</testsuite>