<?xml version="1.0" encoding="UTF-8"?>
<!-- Generated by org.testng.reporters.JUnitReportReporter -->
<testsuite hostname="mlinpu1502-0035.springernature.com" failures="0" tests="2" name="com.openweathermap.testcases.SearchTest" time="23.867" errors="0" timestamp="8 Mar 2019 05:32:46 GMT">
  <testcase classname="com.openweathermap.testcases.SearchTest" name="entercityname" time="12.276"/>
  <testcase classname="com.openweathermap.testcases.SearchTest" name="invalidcitysearch" time="11.591"/>
</testsuite> <!-- com.openweathermap.testcases.SearchTest -->
