<?xml version="1.0" encoding="UTF-8"?>
<!-- Generated by org.testng.reporters.JUnitReportReporter -->
<testsuite hostname="mlinpu1502-0035.springernature.com" failures="0" tests="2" name="com.openweathermap.testcases.SearchTest" time="31.940" errors="0" timestamp="7 Mar 2019 06:00:54 GMT">
  <testcase classname="com.openweathermap.testcases.SearchTest" name="invalidcitysearch" time="12.119"/>
  <testcase classname="com.openweathermap.testcases.SearchTest" name="entercityname" time="19.821"/>
</testsuite> <!-- com.openweathermap.testcases.SearchTest -->
