<?xml version="1.0" encoding="UTF-8"?>
<!-- Generated by org.testng.reporters.JUnitReportReporter -->
<testsuite hostname="mlinpu1502-0035.springernature.com" failures="0" tests="2" name="com.openweathermap.testcases.SearchTest" time="21.125" errors="0" timestamp="6 Mar 2019 10:46:21 GMT">
  <testcase classname="com.openweathermap.testcases.SearchTest" name="entercityname" time="10.226"/>
  <testcase classname="com.openweathermap.testcases.SearchTest" name="invalidcitysearch" time="10.899"/>
</testsuite> <!-- com.openweathermap.testcases.SearchTest -->
