<?xml version="1.0" encoding="UTF-8"?>
<!-- Generated by org.testng.reporters.JUnitReportReporter -->
<testsuite hostname="mlinpu1502-0035.springernature.com" failures="0" tests="14" name="com.openweathermap.testcases.HomePageTest" time="163.408" errors="0" timestamp="6 Mar 2019 08:27:11 GMT">
  <testcase classname="com.openweathermap.testcases.HomePageTest" name="api" time="12.397"/>
  <testcase classname="com.openweathermap.testcases.HomePageTest" name="blog" time="13.833"/>
  <testcase classname="com.openweathermap.testcases.HomePageTest" name="homepageTitleTest" time="6.745"/>
  <testcase classname="com.openweathermap.testcases.HomePageTest" name="homepagelogoTest" time="7.821"/>
  <testcase classname="com.openweathermap.testcases.HomePageTest" name="searchclick" time="7.735"/>
  <testcase classname="com.openweathermap.testcases.HomePageTest" name="signinclicklink" time="9.326"/>
  <testcase classname="com.openweathermap.testcases.HomePageTest" name="price" time="11.199"/>
  <testcase classname="com.openweathermap.testcases.HomePageTest" name="partners" time="10.456"/>
  <testcase classname="com.openweathermap.testcases.HomePageTest" name="signupclicklink" time="10.211"/>
  <testcase classname="com.openweathermap.testcases.HomePageTest" name="Mapsclick" time="12.912"/>
  <testcase classname="com.openweathermap.testcases.HomePageTest" name="weatherClick" time="9.717"/>
  <testcase classname="com.openweathermap.testcases.HomePageTest" name="widget" time="28.413"/>
  <testcase classname="com.openweathermap.testcases.HomePageTest" name="guide" time="10.699"/>
  <testcase classname="com.openweathermap.testcases.HomePageTest" name="stations" time="11.944"/>
</testsuite> <!-- com.openweathermap.testcases.HomePageTest -->
