<?xml version="1.0" encoding="UTF-8"?>
<!-- Generated by org.testng.reporters.JUnitReportReporter -->
<testsuite hostname="mlinpu1502-0035.springernature.com" failures="0" tests="2" name="com.openweathermap.testcases.SearchTest" time="25.717" errors="0" timestamp="6 Mar 2019 08:27:11 GMT">
  <testcase classname="com.openweathermap.testcases.SearchTest" name="invalidcitysearch" time="11.498"/>
  <testcase classname="com.openweathermap.testcases.SearchTest" name="entercityname" time="14.219"/>
</testsuite> <!-- com.openweathermap.testcases.SearchTest -->
