<?xml version="1.0" encoding="UTF-8"?>
<!-- Generated by org.testng.reporters.JUnitReportReporter -->
<testsuite hostname="mlinpu1502-0035.springernature.com" failures="0" tests="14" name="com.openweathermap.testcases.HomePageTest" time="162.148" errors="0" timestamp="7 Mar 2019 06:00:54 GMT">
  <testcase classname="com.openweathermap.testcases.HomePageTest" name="api" time="11.572"/>
  <testcase classname="com.openweathermap.testcases.HomePageTest" name="blog" time="8.503"/>
  <testcase classname="com.openweathermap.testcases.HomePageTest" name="homepageTitleTest" time="7.511"/>
  <testcase classname="com.openweathermap.testcases.HomePageTest" name="homepagelogoTest" time="9.751"/>
  <testcase classname="com.openweathermap.testcases.HomePageTest" name="searchclick" time="9.734"/>
  <testcase classname="com.openweathermap.testcases.HomePageTest" name="signinclicklink" time="10.142"/>
  <testcase classname="com.openweathermap.testcases.HomePageTest" name="price" time="12.326"/>
  <testcase classname="com.openweathermap.testcases.HomePageTest" name="partners" time="14.571"/>
  <testcase classname="com.openweathermap.testcases.HomePageTest" name="signupclicklink" time="12.339"/>
  <testcase classname="com.openweathermap.testcases.HomePageTest" name="Mapsclick" time="12.093"/>
  <testcase classname="com.openweathermap.testcases.HomePageTest" name="weatherClick" time="15.140"/>
  <testcase classname="com.openweathermap.testcases.HomePageTest" name="widget" time="10.617"/>
  <testcase classname="com.openweathermap.testcases.HomePageTest" name="guide" time="15.523"/>
  <testcase classname="com.openweathermap.testcases.HomePageTest" name="stations" time="12.326"/>
</testsuite> <!-- com.openweathermap.testcases.HomePageTest -->
