<?xml version="1.0" encoding="UTF-8"?>
<!-- Generated by org.testng.reporters.JUnitReportReporter -->
<testsuite hostname="mlinpu1502-0035.springernature.com" failures="0" tests="14" name="com.openweathermap.testcases.HomePageTest" time="138.733" errors="0" timestamp="12 Jun 2019 09:39:38 GMT">
  <testcase classname="com.openweathermap.testcases.HomePageTest" name="partners" time="10.201"/>
  <testcase classname="com.openweathermap.testcases.HomePageTest" name="signupclicklink" time="8.518"/>
  <testcase classname="com.openweathermap.testcases.HomePageTest" name="searchclick" time="7.868"/>
  <testcase classname="com.openweathermap.testcases.HomePageTest" name="signinclicklink" time="10.435"/>
  <testcase classname="com.openweathermap.testcases.HomePageTest" name="weatherClick" time="9.031"/>
  <testcase classname="com.openweathermap.testcases.HomePageTest" name="blog" time="10.461"/>
  <testcase classname="com.openweathermap.testcases.HomePageTest" name="api" time="11.546"/>
  <testcase classname="com.openweathermap.testcases.HomePageTest" name="homepageTitleTest" time="7.955"/>
  <testcase classname="com.openweathermap.testcases.HomePageTest" name="Mapsclick" time="12.623"/>
  <testcase classname="com.openweathermap.testcases.HomePageTest" name="homepagelogoTest" time="7.001"/>
  <testcase classname="com.openweathermap.testcases.HomePageTest" name="guide" time="9.019"/>
  <testcase classname="com.openweathermap.testcases.HomePageTest" name="price" time="13.188"/>
  <testcase classname="com.openweathermap.testcases.HomePageTest" name="widget" time="10.439"/>
  <testcase classname="com.openweathermap.testcases.HomePageTest" name="stations" time="10.448"/>
</testsuite> <!-- com.openweathermap.testcases.HomePageTest -->
