<?xml version="1.0" encoding="UTF-8"?>
<!-- Generated by org.testng.reporters.JUnitReportReporter -->
<testsuite hostname="mlinpu1502-0035.springernature.com" failures="0" tests="2" name="com.openweathermap.testcases.SearchTest" time="17.223" errors="0" timestamp="12 Jun 2019 09:39:38 GMT">
  <testcase classname="com.openweathermap.testcases.SearchTest" name="invalidcitysearch" time="8.909"/>
  <testcase classname="com.openweathermap.testcases.SearchTest" name="entercityname" time="8.314"/>
</testsuite> <!-- com.openweathermap.testcases.SearchTest -->
