<?xml version="1.0" encoding="UTF-8"?>
<!-- Generated by org.testng.reporters.JUnitReportReporter -->
<testsuite hostname="mlinpu1502-0035.springernature.com" failures="0" tests="14" name="com.openweathermap.testcases.HomePageTest" time="85.521" errors="0" timestamp="12 Jun 2019 10:09:08 GMT">
  <testcase classname="com.openweathermap.testcases.HomePageTest" name="blog" time="5.741"/>
  <testcase classname="com.openweathermap.testcases.HomePageTest" name="stations" time="7.308"/>
  <testcase classname="com.openweathermap.testcases.HomePageTest" name="widget" time="8.335"/>
  <testcase classname="com.openweathermap.testcases.HomePageTest" name="weatherClick" time="5.298"/>
  <testcase classname="com.openweathermap.testcases.HomePageTest" name="signinclicklink" time="6.706"/>
  <testcase classname="com.openweathermap.testcases.HomePageTest" name="price" time="6.735"/>
  <testcase classname="com.openweathermap.testcases.HomePageTest" name="api" time="5.115"/>
  <testcase classname="com.openweathermap.testcases.HomePageTest" name="homepagelogoTest" time="4.011"/>
  <testcase classname="com.openweathermap.testcases.HomePageTest" name="Mapsclick" time="6.858"/>
  <testcase classname="com.openweathermap.testcases.HomePageTest" name="signupclicklink" time="7.177"/>
  <testcase classname="com.openweathermap.testcases.HomePageTest" name="searchclick" time="4.962"/>
  <testcase classname="com.openweathermap.testcases.HomePageTest" name="guide" time="5.208"/>
  <testcase classname="com.openweathermap.testcases.HomePageTest" name="partners" time="7.596"/>
  <testcase classname="com.openweathermap.testcases.HomePageTest" name="homepageTitleTest" time="4.471"/>
</testsuite> <!-- com.openweathermap.testcases.HomePageTest -->
