<?xml version="1.0" encoding="UTF-8"?>
<!-- Generated by org.testng.reporters.JUnitReportReporter -->
<testsuite hostname="MLINPU1502-0035.local" failures="0" tests="14" name="com.openweathermap.testcases.HomePageTest" time="108.066" errors="0" timestamp="9 Sep 2019 10:21:31 GMT">
  <testcase classname="com.openweathermap.testcases.HomePageTest" name="blog" time="5.869"/>
  <testcase classname="com.openweathermap.testcases.HomePageTest" name="stations" time="8.166"/>
  <testcase classname="com.openweathermap.testcases.HomePageTest" name="widget" time="8.835"/>
  <testcase classname="com.openweathermap.testcases.HomePageTest" name="weatherClick" time="7.901"/>
  <testcase classname="com.openweathermap.testcases.HomePageTest" name="signinclicklink" time="9.557"/>
  <testcase classname="com.openweathermap.testcases.HomePageTest" name="price" time="7.724"/>
  <testcase classname="com.openweathermap.testcases.HomePageTest" name="api" time="11.134"/>
  <testcase classname="com.openweathermap.testcases.HomePageTest" name="homepagelogoTest" time="5.735"/>
  <testcase classname="com.openweathermap.testcases.HomePageTest" name="Mapsclick" time="8.953"/>
  <testcase classname="com.openweathermap.testcases.HomePageTest" name="signupclicklink" time="6.973"/>
  <testcase classname="com.openweathermap.testcases.HomePageTest" name="searchclick" time="6.704"/>
  <testcase classname="com.openweathermap.testcases.HomePageTest" name="guide" time="7.434"/>
  <testcase classname="com.openweathermap.testcases.HomePageTest" name="partners" time="6.791"/>
  <testcase classname="com.openweathermap.testcases.HomePageTest" name="homepageTitleTest" time="6.290"/>
</testsuite> <!-- com.openweathermap.testcases.HomePageTest -->
